
=== PPW4-2025-2026 (xml) ===
  organizer=SPWS dt_start=2026-02-21 city='Gdańsk'
  [  1] RESULTS_GRVETXE_2026-1.xml (split→M) — EPEE/M/None n=35   url-check PPW4-2025-2026-V0-EPEE-M: UNREACHABLE (UnsupportedProtocol: Request URL is missing an 'http://' or 'https://' protocol.)
  url-check PPW4-2025-2026-V1-EPEE-M: UNREACHABLE (UnsupportedProtocol: Request URL is missing an 'http://' or 'https://' protocol.)
  url-check PPW4-2025-2026-V2-EPEE-M: UNREACHABLE (UnsupportedProtocol: Request URL is missing an 'http://' or 'https://' protocol.)
  url-check PPW4-2025-2026-V3-EPEE-M: UNREACHABLE (UnsupportedProtocol: Request URL is missing an 'http://' or 'https://' protocol.)
  url-check PPW4-2025-2026-V4-EPEE-M: UNREACHABLE (UnsupportedProtocol: Request URL is missing an 'http://' or 'https://' protocol.)
OK
  [  2] RESULTS_GRVETXE_2026-1.xml (split→F) — EPEE/F/None n=12   url-check PPW4-2025-2026-V0-EPEE-F: UNREACHABLE (UnsupportedProtocol: Request URL is missing an 'http://' or 'https://' protocol.)
  url-check PPW4-2025-2026-V1-EPEE-F: UNREACHABLE (UnsupportedProtocol: Request URL is missing an 'http://' or 'https://' protocol.)
  url-check PPW4-2025-2026-V2-EPEE-F: UNREACHABLE (UnsupportedProtocol: Request URL is missing an 'http://' or 'https://' protocol.)
OK
  [  3] RESULTS_GRVETXS_2026-2.xml (split→M) — SABRE/M/None n=21   url-check PPW4-2025-2026-V0-SABRE-M: UNREACHABLE (UnsupportedProtocol: Request URL is missing an 'http://' or 'https://' protocol.)
  url-check PPW4-2025-2026-V1-SABRE-M: UNREACHABLE (UnsupportedProtocol: Request URL is missing an 'http://' or 'https://' protocol.)
  url-check PPW4-2025-2026-V2-SABRE-M: UNREACHABLE (UnsupportedProtocol: Request URL is missing an 'http://' or 'https://' protocol.)
  url-check PPW4-2025-2026-V3-SABRE-M: UNREACHABLE (UnsupportedProtocol: Request URL is missing an 'http://' or 'https://' protocol.)
  url-check PPW4-2025-2026-V4-SABRE-M: UNREACHABLE (UnsupportedProtocol: Request URL is missing an 'http://' or 'https://' protocol.)
OK
  [  4] RESULTS_GRVETXS_2026-2.xml (split→F) — SABRE/F/None n=4   url-check PPW4-2025-2026-V0-SABRE-F: UNREACHABLE (UnsupportedProtocol: Request URL is missing an 'http://' or 'https://' protocol.)
  url-check PPW4-2025-2026-V2-SABRE-F: UNREACHABLE (UnsupportedProtocol: Request URL is missing an 'http://' or 'https://' protocol.)
  url-check PPW4-2025-2026-V3-SABRE-F: UNREACHABLE (UnsupportedProtocol: Request URL is missing an 'http://' or 'https://' protocol.)
OK
  [  5] RESULTS_V40ME_2026-8.xml (split→M) — EPEE/M/V2 n=11   url-check PPW4-2025-2026-V2-EPEE-M: UNREACHABLE (UnsupportedProtocol: Request URL is missing an 'http://' or 'https://' protocol.)
OK
  [  6] RESULTS_V40MS_2026-16.xml (split→M) — SABRE/M/None n=3   url-check PPW4-2025-2026-V0-SABRE-M: UNREACHABLE (UnsupportedProtocol: Request URL is missing an 'http://' or 'https://' protocol.)
  url-check PPW4-2025-2026-V1-SABRE-M: UNREACHABLE (UnsupportedProtocol: Request URL is missing an 'http://' or 'https://' protocol.)
OK
  [  7] RESULTS_V50ME_2026-9.xml (split→M) — EPEE/M/V3 n=7   url-check PPW4-2025-2026-V3-EPEE-M: UNREACHABLE (UnsupportedProtocol: Request URL is missing an 'http://' or 'https://' protocol.)
OK
  [  8] RESULTS_V50MF_2026-5.xml (split→M) — FOIL/M/None n=5   url-check PPW4-2025-2026-V3-FOIL-M: UNREACHABLE (UnsupportedProtocol: Request URL is missing an 'http://' or 'https://' protocol.)
  url-check PPW4-2025-2026-V4-FOIL-M: UNREACHABLE (UnsupportedProtocol: Request URL is missing an 'http://' or 'https://' protocol.)
OK
  [  9] RESULTS_V50MS_2026-14.xml (split→M) — SABRE/M/V3 n=4   url-check PPW4-2025-2026-V3-SABRE-M: UNREACHABLE (UnsupportedProtocol: Request URL is missing an 'http://' or 'https://' protocol.)
OK
  [ 10] RESULTS_V50WE_2026-7.xml (split→F) — EPEE/F/V2 n=5   url-check PPW4-2025-2026-V2-EPEE-F: UNREACHABLE (UnsupportedProtocol: Request URL is missing an 'http://' or 'https://' protocol.)
OK
  [ 11] RESULTS_V60ME_2026-10.xml (split→M) — EPEE/M/V4 n=6   url-check PPW4-2025-2026-V4-EPEE-M: UNREACHABLE (UnsupportedProtocol: Request URL is missing an 'http://' or 'https://' protocol.)
OK
  [ 12] RESULTS_V60MS_2026-15.xml (split→M) — SABRE/M/V4 n=4   url-check PPW4-2025-2026-V4-SABRE-M: UNREACHABLE (UnsupportedProtocol: Request URL is missing an 'http://' or 'https://' protocol.)
OK
  [ 13] RESULTS_VABCME_2026-11.xml (split→M) — EPEE/M/None n=10   url-check PPW4-2025-2026-V0-EPEE-M: UNREACHABLE (UnsupportedProtocol: Request URL is missing an 'http://' or 'https://' protocol.)
  url-check PPW4-2025-2026-V1-EPEE-M: UNREACHABLE (UnsupportedProtocol: Request URL is missing an 'http://' or 'https://' protocol.)
OK
  [ 14] RESULTS_VABCWS_2026-12.xml (split→F) — SABRE/F/None n=4   url-check PPW4-2025-2026-V0-SABRE-F: UNREACHABLE (UnsupportedProtocol: Request URL is missing an 'http://' or 'https://' protocol.)
  url-check PPW4-2025-2026-V2-SABRE-F: UNREACHABLE (UnsupportedProtocol: Request URL is missing an 'http://' or 'https://' protocol.)
  url-check PPW4-2025-2026-V3-SABRE-F: UNREACHABLE (UnsupportedProtocol: Request URL is missing an 'http://' or 'https://' protocol.)
OK
  [ 15] RESULTS_VETMF_2026-4.xml (split→M) — FOIL/M/None n=6   url-check PPW4-2025-2026-V0-FOIL-M: UNREACHABLE (UnsupportedProtocol: Request URL is missing an 'http://' or 'https://' protocol.)
  url-check PPW4-2025-2026-V1-FOIL-M: UNREACHABLE (UnsupportedProtocol: Request URL is missing an 'http://' or 'https://' protocol.)
  url-check PPW4-2025-2026-V2-FOIL-M: UNREACHABLE (UnsupportedProtocol: Request URL is missing an 'http://' or 'https://' protocol.)
OK
  [ 16] RESULTS_VETMS_2026-13.xml (split→M) — SABRE/M/V2 n=10   url-check PPW4-2025-2026-V2-SABRE-M: UNREACHABLE (UnsupportedProtocol: Request URL is missing an 'http://' or 'https://' protocol.)
OK
  [ 17] RESULTS_VETWE_2026-6.xml (split→F) — EPEE/F/None n=7   url-check PPW4-2025-2026-V0-EPEE-F: UNREACHABLE (UnsupportedProtocol: Request URL is missing an 'http://' or 'https://' protocol.)
  url-check PPW4-2025-2026-V1-EPEE-F: UNREACHABLE (UnsupportedProtocol: Request URL is missing an 'http://' or 'https://' protocol.)
OK
  [ 18] RESULTS_WF_2026-3.xml (split→F) — FOIL/F/None n=5   url-check PPW4-2025-2026-V0-FOIL-F: UNREACHABLE (UnsupportedProtocol: Request URL is missing an 'http://' or 'https://' protocol.)
  url-check PPW4-2025-2026-V2-FOIL-F: UNREACHABLE (UnsupportedProtocol: Request URL is missing an 'http://' or 'https://' protocol.)
  url-check PPW4-2025-2026-V3-FOIL-F: UNREACHABLE (UnsupportedProtocol: Request URL is missing an 'http://' or 'https://' protocol.)
OK
  [ 19] RESULTS_XF_2026-0.xml (split→M) — FOIL/M/None n=11   url-check PPW4-2025-2026-V0-FOIL-M: UNREACHABLE (UnsupportedProtocol: Request URL is missing an 'http://' or 'https://' protocol.)
  url-check PPW4-2025-2026-V1-FOIL-M: UNREACHABLE (UnsupportedProtocol: Request URL is missing an 'http://' or 'https://' protocol.)
  url-check PPW4-2025-2026-V2-FOIL-M: UNREACHABLE (UnsupportedProtocol: Request URL is missing an 'http://' or 'https://' protocol.)
  url-check PPW4-2025-2026-V3-FOIL-M: UNREACHABLE (UnsupportedProtocol: Request URL is missing an 'http://' or 'https://' protocol.)
  url-check PPW4-2025-2026-V4-FOIL-M: UNREACHABLE (UnsupportedProtocol: Request URL is missing an 'http://' or 'https://' protocol.)
OK
  [ 20] RESULTS_XF_2026-0.xml (split→F) — FOIL/F/None n=5   url-check PPW4-2025-2026-V0-FOIL-F: UNREACHABLE (UnsupportedProtocol: Request URL is missing an 'http://' or 'https://' protocol.)
  url-check PPW4-2025-2026-V2-FOIL-F: UNREACHABLE (UnsupportedProtocol: Request URL is missing an 'http://' or 'https://' protocol.)
  url-check PPW4-2025-2026-V3-FOIL-F: UNREACHABLE (UnsupportedProtocol: Request URL is missing an 'http://' or 'https://' protocol.)
OK
  ↻ merged 2 duplicate PPW4-2025-2026-V0-EPEE-M drafts → keeper id=367 (8 results consolidated)
  ↻ merged 2 duplicate PPW4-2025-2026-V1-EPEE-M drafts → keeper id=368 (13 results consolidated)
  ↻ merged 2 duplicate PPW4-2025-2026-V2-EPEE-M drafts → keeper id=369 (22 results consolidated)
  ↻ merged 2 duplicate PPW4-2025-2026-V3-EPEE-M drafts → keeper id=370 (14 results consolidated)
  ↻ merged 2 duplicate PPW4-2025-2026-V4-EPEE-M drafts → keeper id=371 (12 results consolidated)
  ↻ merged 2 duplicate PPW4-2025-2026-V0-EPEE-F drafts → keeper id=372 (6 results consolidated)
  ↻ merged 2 duplicate PPW4-2025-2026-V1-EPEE-F drafts → keeper id=373 (8 results consolidated)
  ↻ merged 2 duplicate PPW4-2025-2026-V2-EPEE-F drafts → keeper id=374 (10 results consolidated)
  ↻ merged 2 duplicate PPW4-2025-2026-V0-SABRE-M drafts → keeper id=375 (2 results consolidated)
  ↻ merged 2 duplicate PPW4-2025-2026-V1-SABRE-M drafts → keeper id=376 (4 results consolidated)
  ↻ merged 2 duplicate PPW4-2025-2026-V2-SABRE-M drafts → keeper id=377 (20 results consolidated)
  ↻ merged 2 duplicate PPW4-2025-2026-V3-SABRE-M drafts → keeper id=378 (8 results consolidated)
  ↻ merged 2 duplicate PPW4-2025-2026-V4-SABRE-M drafts → keeper id=379 (8 results consolidated)
  ↻ merged 2 duplicate PPW4-2025-2026-V0-SABRE-F drafts → keeper id=380 (2 results consolidated)
  ↻ merged 2 duplicate PPW4-2025-2026-V2-SABRE-F drafts → keeper id=381 (2 results consolidated)
  ↻ merged 2 duplicate PPW4-2025-2026-V3-SABRE-F drafts → keeper id=382 (4 results consolidated)
  ↻ merged 2 duplicate PPW4-2025-2026-V3-FOIL-M drafts → keeper id=387 (6 results consolidated)
  ↻ merged 2 duplicate PPW4-2025-2026-V4-FOIL-M drafts → keeper id=388 (4 results consolidated)
  ↻ merged 2 duplicate PPW4-2025-2026-V0-FOIL-M drafts → keeper id=398 (6 results consolidated)
  ↻ merged 2 duplicate PPW4-2025-2026-V1-FOIL-M drafts → keeper id=399 (2 results consolidated)
  ↻ merged 2 duplicate PPW4-2025-2026-V2-FOIL-M drafts → keeper id=400 (4 results consolidated)
  ↻ merged 2 duplicate PPW4-2025-2026-V0-FOIL-F drafts → keeper id=404 (4 results consolidated)
  ↻ merged 2 duplicate PPW4-2025-2026-V2-FOIL-F drafts → keeper id=405 (4 results consolidated)
  ↻ merged 2 duplicate PPW4-2025-2026-V3-FOIL-F drafts → keeper id=406 (2 results consolidated)
  ↻ deduped 87 duplicate (id_fencer, id_tournament_draft) result_drafts (kept best place per fencer)
  → wrote doc/staging/PPW4-2025-2026.md
  summary: drafted=20 halted=0 errors=0 run_id=8b532c1a-361c-4a02-92ce-a33607df2662
  flushing 1 ✓ aliases to tbl_fencer...
  ✓ aliases written: 1, errors: 0
  committing run 8b532c1a-361c-4a02-92ce-a33607df2662...
  ✓ committed: {'run_id': '8b532c1a-361c-4a02-92ce-a33607df2662', 'history_rows': 24, 'results_committed': 88, 'tournaments_scored': 24, 'tournaments_committed': 24, 'joint_pool_siblings_flagged': 0}

✓ All events ingested successfully
