Season               Event                  CERT t/r/sum/nulls                  PROD t/r/sum/nulls                  OK?
SPWS-2023-2024       GP1-2023-2024          17/101/0.00/101                     17/101/0.00/101                     OK
SPWS-2023-2024       GP2-2023-2024          21/103/0.00/103                     21/103/0.00/103                     OK
SPWS-2023-2024       GP3-2023-2024          18/97/0.00/97                       18/97/0.00/97                       OK
SPWS-2023-2024       GP4-2023-2024          17/92/0.00/92                       17/92/0.00/92                       OK
SPWS-2023-2024       GP5-2023-2024          15/57/0.00/57                       15/57/0.00/57                       OK
SPWS-2023-2024       GP6-2023-2024          15/93/0.00/93                       15/93/0.00/93                       OK
SPWS-2023-2024       GP7-2023-2024          16/84/0.00/84                       16/84/0.00/84                       OK
SPWS-2023-2024       GP8-2023-2024          14/84/0.00/84                       14/84/0.00/84                       OK
SPWS-2023-2024       MPW-2023-2024          19/126/0.00/126                     19/126/0.00/126                     OK
SPWS-2023-2024       VFC-2023-2024          0/0/0.00/1                          0/0/0.00/1                          OK
SPWS-2024-2025       MPW-2024-2025          24/104/0.00/104                     24/104/0.00/104                     OK
SPWS-2024-2025       PPW1-2024-2025         16/110/0.00/110                     16/110/0.00/110                     OK
SPWS-2024-2025       PPW2-2024-2025         21/98/0.00/98                       21/98/0.00/98                       OK
SPWS-2024-2025       PPW3-2024-2025         19/118/0.00/118                     19/118/0.00/118                     OK
SPWS-2024-2025       PPW4-2024-2025         18/102/0.00/102                     18/102/0.00/102                     OK
SPWS-2024-2025       PPW5-2024-2025         14/59/0.00/59                       14/59/0.00/59                       OK

Matched events: 16/16

AGGREGATE:  CERT t=264 r=1428 sum=0.00    PROD t=264 r=1428 sum=0.00

PROD INVARIANTS POST: active_tourns=229 (=229?) active_results=728 (=728?) evf_tourns=298 (=298?) evf_results=772 (=772?)
